[debug] [2022-06-01T21:45:43.510Z] ----------------------------------------------------------------------
[debug] [2022-06-01T21:45:43.512Z] Command:       /usr/local/bin/node /usr/local/bin/firebase deploy
[debug] [2022-06-01T21:45:43.513Z] CLI Version:   9.6.0
[debug] [2022-06-01T21:45:43.513Z] Platform:      darwin
[debug] [2022-06-01T21:45:43.513Z] Node Version:  v16.13.0
[debug] [2022-06-01T21:45:43.514Z] Time:          Thu Jun 02 2022 03:15:43 GMT+0530 (India Standard Time)
[debug] [2022-06-01T21:45:43.514Z] ----------------------------------------------------------------------
[debug] [2022-06-01T21:45:43.514Z] 
[debug] [2022-06-01T21:45:43.520Z] > command requires scopes: ["email","openid","https://www.googleapis.com/auth/cloudplatformprojects.readonly","https://www.googleapis.com/auth/firebase","https://www.googleapis.com/auth/cloud-platform"]
[debug] [2022-06-01T21:45:43.521Z] > authorizing via signed-in user
[debug] [2022-06-01T21:45:43.521Z] [iam] checking project penfoldsdj for permissions ["firebase.projects.get","firebasehosting.sites.update"]
[debug] [2022-06-01T21:45:43.523Z] >>> HTTP REQUEST POST https://cloudresourcemanager.googleapis.com/v1/projects/penfoldsdj:testIamPermissions  
 {"permissions":["firebase.projects.get","firebasehosting.sites.update"]}
[debug] [2022-06-01T21:45:45.146Z] <<< HTTP RESPONSE 200 {"content-type":"application/json; charset=UTF-8","vary":"X-Origin, Referer, Origin,Accept-Encoding","date":"Wed, 01 Jun 2022 21:45:45 GMT","server":"ESF","cache-control":"private","x-xss-protection":"0","x-frame-options":"SAMEORIGIN","x-content-type-options":"nosniff","server-timing":"gfet4t7; dur=1442","alt-svc":"h3=\":443\"; ma=2592000,h3-29=\":443\"; ma=2592000,h3-Q050=\":443\"; ma=2592000,h3-Q046=\":443\"; ma=2592000,h3-Q043=\":443\"; ma=2592000,quic=\":443\"; ma=2592000; v=\"46,43\"","accept-ranges":"none","transfer-encoding":"chunked"}
[debug] [2022-06-01T21:45:45.148Z] > refreshing access token with scopes: []
[debug] [2022-06-01T21:45:45.148Z] >>> HTTP REQUEST POST https://www.googleapis.com/oauth2/v3/token  
 <request body omitted>
[debug] [2022-06-01T21:45:45.383Z] <<< HTTP RESPONSE 200 {"date":"Wed, 01 Jun 2022 21:45:45 GMT","cache-control":"no-cache, no-store, max-age=0, must-revalidate","pragma":"no-cache","expires":"Mon, 01 Jan 1990 00:00:00 GMT","content-type":"application/json; charset=utf-8","vary":"X-Origin, Referer, Origin,Accept-Encoding","server":"scaffolding on HTTPServer2","x-xss-protection":"0","x-frame-options":"SAMEORIGIN","x-content-type-options":"nosniff","alt-svc":"h3=\":443\"; ma=2592000,h3-29=\":443\"; ma=2592000,h3-Q050=\":443\"; ma=2592000,h3-Q046=\":443\"; ma=2592000,h3-Q043=\":443\"; ma=2592000,quic=\":443\"; ma=2592000; v=\"46,43\"","accept-ranges":"none","transfer-encoding":"chunked"}
[debug] [2022-06-01T21:45:45.407Z] >>> [apiv2][query] GET https://firebase.googleapis.com/v1beta1/projects/penfoldsdj [none]
[debug] [2022-06-01T21:45:45.855Z] <<< [apiv2][status] GET https://firebase.googleapis.com/v1beta1/projects/penfoldsdj 200
[debug] [2022-06-01T21:45:45.855Z] <<< [apiv2][body] GET https://firebase.googleapis.com/v1beta1/projects/penfoldsdj {"projectId":"penfoldsdj","projectNumber":"316898757129","displayName":"penfolds","name":"projects/penfoldsdj","resources":{"hostingSite":"penfoldsdj"},"state":"ACTIVE"}
[info] 
[info] === Deploying to 'penfoldsdj'...
[info] 
[info] i  deploying hosting 
[debug] [2022-06-01T21:45:45.859Z] > refreshing access token with scopes: ["email","https://www.googleapis.com/auth/cloud-platform","https://www.googleapis.com/auth/cloudplatformprojects.readonly","https://www.googleapis.com/auth/firebase","openid"]
[debug] [2022-06-01T21:45:45.859Z] >>> HTTP REQUEST POST https://www.googleapis.com/oauth2/v3/token  
 <request body omitted>
[debug] [2022-06-01T21:45:46.085Z] <<< HTTP RESPONSE 200 {"date":"Wed, 01 Jun 2022 21:45:46 GMT","expires":"Mon, 01 Jan 1990 00:00:00 GMT","pragma":"no-cache","cache-control":"no-cache, no-store, max-age=0, must-revalidate","content-type":"application/json; charset=utf-8","vary":"X-Origin, Referer, Origin,Accept-Encoding","server":"scaffolding on HTTPServer2","x-xss-protection":"0","x-frame-options":"SAMEORIGIN","x-content-type-options":"nosniff","alt-svc":"h3=\":443\"; ma=2592000,h3-29=\":443\"; ma=2592000,h3-Q050=\":443\"; ma=2592000,h3-Q046=\":443\"; ma=2592000,h3-Q043=\":443\"; ma=2592000,quic=\":443\"; ma=2592000; v=\"46,43\"","accept-ranges":"none","transfer-encoding":"chunked"}
[debug] [2022-06-01T21:45:46.107Z] >>> HTTP REQUEST POST https://firebasehosting.googleapis.com/v1beta1/sites/penfoldsdj/versions  
 {"config":{"rewrites":[{"glob":"**","path":"/index.html"}]},"labels":{"deployment-tool":"cli-firebase"}}
